<?xml version="1.0"?>
<!--DOCTYPE coverage SYSTEM "http://cobertura.sourceforge.net/xml/coverage-03.dtd"-->

<coverage line-rate="1.0" branch-rate="1.0" version="1.0" timestamp="0000001">
	<sources>
		<source>../src</source>
	</sources>
    <classes>
        <class name="main" filename="../src/ds/hash.h" line-rate="1.0" branch-rate="1.0" complexity="1.0">
            <methods>
            </methods>
            <lines>
                <line number="1" hits="3" branch="false"/>
            </lines>
        </class>
    </classes>
</coverage>